<?xml version="1.0" encoding="UTF-8"?>
<testng-results total="0" passed="0" failed="0" skipped="0">
  <reporter-output>
  </reporter-output>
  <suite started-at="2023-05-31T13:36:58Z" name="Suite" finished-at="2023-05-31T13:36:58Z" duration-ms="7">
    <groups>
    </groups>
    <test started-at="2023-05-31T13:36:58Z" name="Test1" finished-at="2023-05-31T13:36:58Z" duration-ms="7">
    </test> <!-- Test1 -->
    <test started-at="2023-05-31T13:36:58Z" name="Test2" finished-at="2023-05-31T13:36:58Z" duration-ms="7">
    </test> <!-- Test2 -->
  </suite> <!-- Suite -->
</testng-results>
