<?xml version="1.0" encoding="UTF-8"?>
<!-- Generated by org.testng.reporters.JUnitXMLReporter -->
<testsuite hostname="01HW1987127" failures="0" tests="5" name="Default test" time="0.76" errors="0" timestamp="31 May 2023 13:32:32 GMT">
  <testcase classname="pkg1.tests2.class8" name="testCaseData" time="0.01"/>
  <testcase classname="pkg1.tests2.class8" name="testCaseData" time="0.002"/>
  <testcase classname="pkg1.tests2.class8" name="testCaseData" time="0.001"/>
  <testcase classname="pkg1.tests2.class8" name="testCaseData" time="0.001"/>
  <testcase classname="pkg1.tests2.class8" name="testCaseData" time="0.001"/>
</testsuite> <!-- Default test -->
